<?xml version="1.0" encoding="UTF-8"?>
<coverage generated="1692781805060" clover="3.2.0">
  <project timestamp="1692781805061" name="All files">
    <metrics statements="19" coveredstatements="19" conditionals="2" coveredconditionals="2" methods="2" coveredmethods="2" elements="23" coveredelements="23" complexity="0" loc="19" ncloc="19" packages="1" files="1" classes="1"/>
    <file name="q1.ts" path="/Volumes/Projects/type/q1.ts">
      <metrics statements="19" coveredstatements="19" conditionals="2" coveredconditionals="2" methods="2" coveredmethods="2"/>
      <line num="2" count="6" type="stmt"/>
      <line num="3" count="124" type="stmt"/>
      <line num="4" count="6" type="stmt"/>
      <line num="6" count="6" type="stmt"/>
      <line num="7" count="6" type="stmt"/>
      <line num="8" count="6" type="stmt"/>
      <line num="9" count="36" type="stmt"/>
      <line num="10" count="36" type="stmt"/>
      <line num="11" count="36" type="stmt"/>
      <line num="12" count="36" type="cond" truecount="2" falsecount="0"/>
      <line num="13" count="2" type="stmt"/>
      <line num="15" count="34" type="stmt"/>
      <line num="17" count="6" type="stmt"/>
      <line num="19" count="1" type="stmt"/>
      <line num="20" count="1" type="stmt"/>
      <line num="21" count="1" type="stmt"/>
      <line num="23" count="1" type="stmt"/>
      <line num="24" count="1" type="stmt"/>
      <line num="25" count="1" type="stmt"/>
    </file>
  </project>
</coverage>
