{"/Volumes/Projects/type/q1.ts": {"path":"/Volumes/Projects/type/q1.ts","statementMap":{"0":{"start":{"line":2,"column":19},"end":{"line":2,"column":null}},"1":{"start":{"line":3,"column":19},"end":{"line":3,"column":null}},"2":{"start":{"line":3,"column":64},"end":{"line":3,"column":88}},"3":{"start":{"line":4,"column":17},"end":{"line":4,"column":null}},"4":{"start":{"line":6,"column":14},"end":{"line":6,"column":null}},"5":{"start":{"line":7,"column":18},"end":{"line":7,"column":null}},"6":{"start":{"line":8,"column":2},"end":{"line":16,"column":null}},"7":{"start":{"line":9,"column":18},"end":{"line":9,"column":null}},"8":{"start":{"line":10,"column":16},"end":{"line":10,"column":null}},"9":{"start":{"line":11,"column":4},"end":{"line":11,"column":null}},"10":{"start":{"line":12,"column":4},"end":{"line":14,"column":null}},"11":{"start":{"line":13,"column":6},"end":{"line":13,"column":null}},"12":{"start":{"line":15,"column":4},"end":{"line":15,"column":null}},"13":{"start":{"line":17,"column":2},"end":{"line":17,"column":null}},"14":{"start":{"line":19,"column":11},"end":{"line":19,"column":null}},"15":{"start":{"line":20,"column":11},"end":{"line":20,"column":null}},"16":{"start":{"line":21,"column":11},"end":{"line":21,"column":null}},"17":{"start":{"line":23,"column":0},"end":{"line":23,"column":null}},"18":{"start":{"line":24,"column":0},"end":{"line":24,"column":null}},"19":{"start":{"line":25,"column":0},"end":{"line":25,"column":null}}},"fnMap":{"0":{"name":"isPalindrome","decl":{"start":{"line":1,"column":16},"end":{"line":1,"column":29}},"loc":{"start":{"line":1,"column":51},"end":{"line":18,"column":null}}},"1":{"name":"(anonymous_1)","decl":{"start":{"line":3,"column":54},"end":{"line":3,"column":55}},"loc":{"start":{"line":3,"column":64},"end":{"line":3,"column":88}}}},"branchMap":{"0":{"loc":{"start":{"line":12,"column":4},"end":{"line":14,"column":null}},"type":"if","locations":[{"start":{"line":12,"column":4},"end":{"line":14,"column":null}},{"start":{"line":12,"column":4},"end":{"line":14,"column":null}}]}},"s":{"0":6,"1":6,"2":124,"3":6,"4":6,"5":6,"6":6,"7":36,"8":36,"9":36,"10":36,"11":2,"12":34,"13":6,"14":1,"15":1,"16":1,"17":1,"18":1,"19":1},"f":{"0":6,"1":124},"b":{"0":[2,34]}}
}
